<?xml version="1.0" encoding="UTF-8"?>
<testsuite xmlns:xsi="http://www.w3.org/2001/XMLSchema-instance" xsi:noNamespaceSchemaLocation="https://maven.apache.org/surefire/maven-surefire-plugin/xsd/surefire-test-report.xsd" name="es.ubu.lsi.AppTest" time="0.062" tests="1" errors="0" skipped="0" failures="0">
  <properties>
    <property name="sun.desktop" value="windows"/>
    <property name="awt.toolkit" value="sun.awt.windows.WToolkit"/>
    <property name="file.encoding.pkg" value="sun.io"/>
    <property name="java.specification.version" value="1.8"/>
    <property name="sun.cpu.isalist" value="amd64"/>
    <property name="sun.jnu.encoding" value="Cp1252"/>
    <property name="java.class.path" value="C:\Java\jdk1.8.0_321\Practicas\SISDIS_P1\target\test-classes;C:\Java\jdk1.8.0_321\Practicas\SISDIS_P1\target\classes;C:\Users\alext\.m2\repository\junit\junit\4.11\junit-4.11.jar;C:\Users\alext\.m2\repository\org\hamcrest\hamcrest-core\1.3\hamcrest-core-1.3.jar;"/>
    <property name="java.vm.vendor" value="Oracle Corporation"/>
    <property name="sun.arch.data.model" value="64"/>
    <property name="user.variant" value=""/>
    <property name="java.vendor.url" value="http://java.oracle.com/"/>
    <property name="user.timezone" value="Europe/Paris"/>
    <property name="java.vm.specification.version" value="1.8"/>
    <property name="os.name" value="Windows 10"/>
    <property name="user.country" value="ES"/>
    <property name="sun.java.launcher" value="SUN_STANDARD"/>
    <property name="sun.boot.library.path" value="C:\Java\jdk1.8.0_321\jre\bin"/>
    <property name="sun.java.command" value="C:\Users\alext\AppData\Local\Temp\surefire168133522742021387\surefirebooter7295268097465418380.jar C:\Users\alext\AppData\Local\Temp\surefire168133522742021387 2022-03-25T18-36-40_586-jvmRun1 surefire7109922671404070443tmp surefire_01081630749759793591tmp"/>
    <property name="surefire.test.class.path" value="C:\Java\jdk1.8.0_321\Practicas\SISDIS_P1\target\test-classes;C:\Java\jdk1.8.0_321\Practicas\SISDIS_P1\target\classes;C:\Users\alext\.m2\repository\junit\junit\4.11\junit-4.11.jar;C:\Users\alext\.m2\repository\org\hamcrest\hamcrest-core\1.3\hamcrest-core-1.3.jar;"/>
    <property name="sun.cpu.endian" value="little"/>
    <property name="user.home" value="C:\Users\alext"/>
    <property name="user.language" value="es"/>
    <property name="java.specification.vendor" value="Oracle Corporation"/>
    <property name="java.home" value="C:\Java\jdk1.8.0_321\jre"/>
    <property name="basedir" value="C:\Java\jdk1.8.0_321\Practicas\SISDIS_P1"/>
    <property name="file.separator" value="\"/>
    <property name="line.separator" value="&#10;"/>
    <property name="java.vm.specification.vendor" value="Oracle Corporation"/>
    <property name="java.specification.name" value="Java Platform API Specification"/>
    <property name="java.awt.graphicsenv" value="sun.awt.Win32GraphicsEnvironment"/>
    <property name="surefire.real.class.path" value="C:\Users\alext\AppData\Local\Temp\surefire168133522742021387\surefirebooter7295268097465418380.jar"/>
    <property name="sun.boot.class.path" value="C:\Java\jdk1.8.0_321\jre\lib\resources.jar;C:\Java\jdk1.8.0_321\jre\lib\rt.jar;C:\Java\jdk1.8.0_321\jre\lib\sunrsasign.jar;C:\Java\jdk1.8.0_321\jre\lib\jsse.jar;C:\Java\jdk1.8.0_321\jre\lib\jce.jar;C:\Java\jdk1.8.0_321\jre\lib\charsets.jar;C:\Java\jdk1.8.0_321\jre\lib\jfr.jar;C:\Java\jdk1.8.0_321\jre\classes"/>
    <property name="user.script" value=""/>
    <property name="sun.management.compiler" value="HotSpot 64-Bit Tiered Compilers"/>
    <property name="java.runtime.version" value="1.8.0_321-b07"/>
    <property name="user.name" value="alext"/>
    <property name="path.separator" value=";"/>
    <property name="os.version" value="10.0"/>
    <property name="java.endorsed.dirs" value="C:\Java\jdk1.8.0_321\jre\lib\endorsed"/>
    <property name="java.runtime.name" value="Java(TM) SE Runtime Environment"/>
    <property name="file.encoding" value="Cp1252"/>
    <property name="java.vm.name" value="Java HotSpot(TM) 64-Bit Server VM"/>
    <property name="localRepository" value="C:\Users\alext\.m2\repository"/>
    <property name="java.vendor.url.bug" value="http://bugreport.sun.com/bugreport/"/>
    <property name="java.io.tmpdir" value="C:\Users\alext\AppData\Local\Temp\"/>
    <property name="java.version" value="1.8.0_321"/>
    <property name="user.dir" value="C:\Java\jdk1.8.0_321\Practicas\SISDIS_P1"/>
    <property name="os.arch" value="amd64"/>
    <property name="java.vm.specification.name" value="Java Virtual Machine Specification"/>
    <property name="java.awt.printerjob" value="sun.awt.windows.WPrinterJob"/>
    <property name="sun.os.patch.level" value=""/>
    <property name="java.library.path" value="C:\Java\jdk1.8.0_321\jre\bin;C:\WINDOWS\Sun\Java\bin;C:\WINDOWS\system32;C:\WINDOWS;C:/Java/eclipse-2021/eclipse//plugins/org.eclipse.justj.openjdk.hotspot.jre.full.win32.x86_64_17.0.1.v20211116-1657/jre/bin/server;C:/Java/eclipse-2021/eclipse//plugins/org.eclipse.justj.openjdk.hotspot.jre.full.win32.x86_64_17.0.1.v20211116-1657/jre/bin;C:\Java\jdk1.8.0_321\bin;C:\Java\apache-ant-1.10.12\bin;C:\Java\apache-maven-3.8.4\bin;C:\Java\glassfish5\glassfish\bin;C:\Java\jdk1.8.0_321\bin;C:\Java\apache-ant-1.10.12\bin;C:\Java\apache-maven-3.8.4\bin;C:\Java\glassfish5\glassfish\bin;C:\Java\jdk1.8.0_321\bin;C:\Java\apache-ant-1.10.12\bin;C:\Java\apache-maven-3.8.4\bin;C:\Java\glassfish5\glassfish\bin;C:\WINDOWS\System32;C:\Users\alext\AppData\Local\Microsoft\WindowsApps;C:\Users\alext\AppData\Local\Programs\Microsoft VS Code\bin;C:\Java\eclipse-2021\eclipse;;."/>
    <property name="java.vm.info" value="mixed mode"/>
    <property name="java.vendor" value="Oracle Corporation"/>
    <property name="java.vm.version" value="25.321-b07"/>
    <property name="java.ext.dirs" value="C:\Java\jdk1.8.0_321\jre\lib\ext;C:\WINDOWS\Sun\Java\lib\ext"/>
    <property name="sun.io.unicode.encoding" value="UnicodeLittle"/>
    <property name="java.class.version" value="52.0"/>
  </properties>
  <testcase name="shouldAnswerWithTrue" classname="es.ubu.lsi.AppTest" time="0.003"/>
</testsuite>